2018-10-09 17:29:16 Error: [RuntimeException] Unknown command `cake il8n`. Run `cake --help` to get the list of valid commands. in C:\Program Files (x86)\Ampps\www\advertisingBillboard_v1\vendor\cakephp\cakephp\src\Console\CommandRunner.php on line 321
Stack Trace:
#0 C:\Program Files (x86)\Ampps\www\advertisingBillboard_v1\vendor\cakephp\cakephp\src\Console\CommandRunner.php(159): Cake\Console\CommandRunner->resolveName(Object(Cake\Console\CommandCollection), Object(Cake\Console\ConsoleIo), 'il8n')
#1 C:\Program Files (x86)\Ampps\www\advertisingBillboard_v1\bin\cake.php(12): Cake\Console\CommandRunner->run(Array)
#2 {main}


2018-10-12 00:54:46 Error: [PDOException] SQLSTATE[42S02]: Base table or view not found: 1146 Table 'advertisionbillboardv001.billboards_hireds' doesn't exist in C:\Program Files (x86)\Ampps\www\advertisingBillboard_v1\vendor\cakephp\cakephp\src\Database\Statement\MysqlStatement.php on line 39
Stack Trace:
#0 C:\Program Files (x86)\Ampps\www\advertisingBillboard_v1\vendor\cakephp\cakephp\src\Database\Statement\MysqlStatement.php(39): PDOStatement->execute(NULL)
#1 C:\Program Files (x86)\Ampps\www\advertisingBillboard_v1\vendor\cakephp\cakephp\src\Database\Connection.php(350): Cake\Database\Statement\MysqlStatement->execute()
#2 C:\Program Files (x86)\Ampps\www\advertisingBillboard_v1\vendor\cakephp\cakephp\src\Core\Retry\CommandRetry.php(68): Cake\Database\Connection->Cake\Database\{closure}()
#3 C:\Program Files (x86)\Ampps\www\advertisingBillboard_v1\vendor\cakephp\cakephp\src\Database\Connection.php(353): Cake\Core\Retry\CommandRetry->run(Object(Closure))
#4 C:\Program Files (x86)\Ampps\www\advertisingBillboard_v1\vendor\cakephp\cakephp\src\Database\Connection.php(302): Cake\Database\Connection->query(Object(Cake\Database\Query))
#5 C:\Program Files (x86)\Ampps\www\advertisingBillboard_v1\vendor\cakephp\cakephp\src\Core\Retry\CommandRetry.php(68): Cake\Database\Connection->Cake\Database\{closure}()
#6 C:\Program Files (x86)\Ampps\www\advertisingBillboard_v1\vendor\cakephp\cakephp\src\Database\Connection.php(306): Cake\Core\Retry\CommandRetry->run(Object(Closure))
#7 C:\Program Files (x86)\Ampps\www\advertisingBillboard_v1\vendor\cakephp\migrations\src\Shell\Task\SeedTask.php(111): Cake\Database\Connection->execute(Object(Cake\Database\Query))
#8 C:\Program Files (x86)\Ampps\www\advertisingBillboard_v1\vendor\cakephp\bake\src\Shell\Task\SimpleBakeTask.php(104): Migrations\Shell\Task\SeedTask->templateData()
#9 C:\Program Files (x86)\Ampps\www\advertisingBillboard_v1\vendor\cakephp\migrations\src\Shell\Task\SeedTask.php(130): Bake\Shell\Task\SimpleBakeTask->bake('BillboardsHired')
#10 C:\Program Files (x86)\Ampps\www\advertisingBillboard_v1\vendor\cakephp\bake\src\Shell\Task\SimpleBakeTask.php(91): Migrations\Shell\Task\SeedTask->bake('BillboardsHired')
#11 C:\Program Files (x86)\Ampps\www\advertisingBillboard_v1\vendor\cakephp\cakephp\src\Console\Shell.php(532): Bake\Shell\Task\SimpleBakeTask->main('BillboardsHired')
#12 C:\Program Files (x86)\Ampps\www\advertisingBillboard_v1\vendor\cakephp\cakephp\src\Console\Shell.php(525): Cake\Console\Shell->runCommand(Array, false, Array)
#13 C:\Program Files (x86)\Ampps\www\advertisingBillboard_v1\vendor\cakephp\cakephp\src\Console\CommandRunner.php(342): Cake\Console\Shell->runCommand(Array, true)
#14 C:\Program Files (x86)\Ampps\www\advertisingBillboard_v1\vendor\cakephp\cakephp\src\Console\CommandRunner.php(164): Cake\Console\CommandRunner->runShell(Object(Bake\Shell\BakeShell), Array)
#15 C:\Program Files (x86)\Ampps\www\advertisingBillboard_v1\bin\cake.php(12): Cake\Console\CommandRunner->run(Array)
#16 {main}


2018-10-12 01:00:09 Error: [RuntimeException] Unknown command `cake seed`. Run `cake --help` to get the list of valid commands. in C:\Program Files (x86)\Ampps\www\advertisingBillboard_v1\vendor\cakephp\cakephp\src\Console\CommandRunner.php on line 321
Stack Trace:
#0 C:\Program Files (x86)\Ampps\www\advertisingBillboard_v1\vendor\cakephp\cakephp\src\Console\CommandRunner.php(159): Cake\Console\CommandRunner->resolveName(Object(Cake\Console\CommandCollection), Object(Cake\Console\ConsoleIo), 'seed')
#1 C:\Program Files (x86)\Ampps\www\advertisingBillboard_v1\bin\cake.php(12): Cake\Console\CommandRunner->run(Array)
#2 {main}


2018-10-12 01:01:15 Error: [PDOException] SQLSTATE[42S02]: Base table or view not found: 1146 Table 'advertisionbillboardv001.billboards_hireds' doesn't exist in C:\Program Files (x86)\Ampps\www\advertisingBillboard_v1\vendor\cakephp\cakephp\src\Database\Statement\MysqlStatement.php on line 39
Stack Trace:
#0 C:\Program Files (x86)\Ampps\www\advertisingBillboard_v1\vendor\cakephp\cakephp\src\Database\Statement\MysqlStatement.php(39): PDOStatement->execute(NULL)
#1 C:\Program Files (x86)\Ampps\www\advertisingBillboard_v1\vendor\cakephp\cakephp\src\Database\Connection.php(350): Cake\Database\Statement\MysqlStatement->execute()
#2 C:\Program Files (x86)\Ampps\www\advertisingBillboard_v1\vendor\cakephp\cakephp\src\Core\Retry\CommandRetry.php(68): Cake\Database\Connection->Cake\Database\{closure}()
#3 C:\Program Files (x86)\Ampps\www\advertisingBillboard_v1\vendor\cakephp\cakephp\src\Database\Connection.php(353): Cake\Core\Retry\CommandRetry->run(Object(Closure))
#4 C:\Program Files (x86)\Ampps\www\advertisingBillboard_v1\vendor\cakephp\cakephp\src\Database\Connection.php(302): Cake\Database\Connection->query(Object(Cake\Database\Query))
#5 C:\Program Files (x86)\Ampps\www\advertisingBillboard_v1\vendor\cakephp\cakephp\src\Core\Retry\CommandRetry.php(68): Cake\Database\Connection->Cake\Database\{closure}()
#6 C:\Program Files (x86)\Ampps\www\advertisingBillboard_v1\vendor\cakephp\cakephp\src\Database\Connection.php(306): Cake\Core\Retry\CommandRetry->run(Object(Closure))
#7 C:\Program Files (x86)\Ampps\www\advertisingBillboard_v1\vendor\cakephp\migrations\src\Shell\Task\SeedTask.php(111): Cake\Database\Connection->execute(Object(Cake\Database\Query))
#8 C:\Program Files (x86)\Ampps\www\advertisingBillboard_v1\vendor\cakephp\bake\src\Shell\Task\SimpleBakeTask.php(104): Migrations\Shell\Task\SeedTask->templateData()
#9 C:\Program Files (x86)\Ampps\www\advertisingBillboard_v1\vendor\cakephp\migrations\src\Shell\Task\SeedTask.php(130): Bake\Shell\Task\SimpleBakeTask->bake('BillboardsHired')
#10 C:\Program Files (x86)\Ampps\www\advertisingBillboard_v1\vendor\cakephp\bake\src\Shell\Task\SimpleBakeTask.php(91): Migrations\Shell\Task\SeedTask->bake('BillboardsHired')
#11 C:\Program Files (x86)\Ampps\www\advertisingBillboard_v1\vendor\cakephp\cakephp\src\Console\Shell.php(532): Bake\Shell\Task\SimpleBakeTask->main('BillboardsHired')
#12 C:\Program Files (x86)\Ampps\www\advertisingBillboard_v1\vendor\cakephp\cakephp\src\Console\Shell.php(525): Cake\Console\Shell->runCommand(Array, false, Array)
#13 C:\Program Files (x86)\Ampps\www\advertisingBillboard_v1\vendor\cakephp\cakephp\src\Console\CommandRunner.php(342): Cake\Console\Shell->runCommand(Array, true)
#14 C:\Program Files (x86)\Ampps\www\advertisingBillboard_v1\vendor\cakephp\cakephp\src\Console\CommandRunner.php(164): Cake\Console\CommandRunner->runShell(Object(Bake\Shell\BakeShell), Array)
#15 C:\Program Files (x86)\Ampps\www\advertisingBillboard_v1\bin\cake.php(12): Cake\Console\CommandRunner->run(Array)
#16 {main}


2018-10-12 01:06:15 Error: [PDOException] SQLSTATE[42S02]: Base table or view not found: 1146 Table 'advertisionbillboardv001.billboards_hireds' doesn't exist in C:\Program Files (x86)\Ampps\www\advertisingBillboard_v1\vendor\cakephp\cakephp\src\Database\Statement\MysqlStatement.php on line 39
Stack Trace:
#0 C:\Program Files (x86)\Ampps\www\advertisingBillboard_v1\vendor\cakephp\cakephp\src\Database\Statement\MysqlStatement.php(39): PDOStatement->execute(NULL)
#1 C:\Program Files (x86)\Ampps\www\advertisingBillboard_v1\vendor\cakephp\cakephp\src\Database\Connection.php(350): Cake\Database\Statement\MysqlStatement->execute()
#2 C:\Program Files (x86)\Ampps\www\advertisingBillboard_v1\vendor\cakephp\cakephp\src\Core\Retry\CommandRetry.php(68): Cake\Database\Connection->Cake\Database\{closure}()
#3 C:\Program Files (x86)\Ampps\www\advertisingBillboard_v1\vendor\cakephp\cakephp\src\Database\Connection.php(353): Cake\Core\Retry\CommandRetry->run(Object(Closure))
#4 C:\Program Files (x86)\Ampps\www\advertisingBillboard_v1\vendor\cakephp\cakephp\src\Database\Connection.php(302): Cake\Database\Connection->query(Object(Cake\Database\Query))
#5 C:\Program Files (x86)\Ampps\www\advertisingBillboard_v1\vendor\cakephp\cakephp\src\Core\Retry\CommandRetry.php(68): Cake\Database\Connection->Cake\Database\{closure}()
#6 C:\Program Files (x86)\Ampps\www\advertisingBillboard_v1\vendor\cakephp\cakephp\src\Database\Connection.php(306): Cake\Core\Retry\CommandRetry->run(Object(Closure))
#7 C:\Program Files (x86)\Ampps\www\advertisingBillboard_v1\vendor\cakephp\migrations\src\Shell\Task\SeedTask.php(111): Cake\Database\Connection->execute(Object(Cake\Database\Query))
#8 C:\Program Files (x86)\Ampps\www\advertisingBillboard_v1\vendor\cakephp\bake\src\Shell\Task\SimpleBakeTask.php(104): Migrations\Shell\Task\SeedTask->templateData()
#9 C:\Program Files (x86)\Ampps\www\advertisingBillboard_v1\vendor\cakephp\migrations\src\Shell\Task\SeedTask.php(130): Bake\Shell\Task\SimpleBakeTask->bake('BillboardsHired')
#10 C:\Program Files (x86)\Ampps\www\advertisingBillboard_v1\vendor\cakephp\bake\src\Shell\Task\SimpleBakeTask.php(91): Migrations\Shell\Task\SeedTask->bake('BillboardsHired')
#11 C:\Program Files (x86)\Ampps\www\advertisingBillboard_v1\vendor\cakephp\cakephp\src\Console\Shell.php(532): Bake\Shell\Task\SimpleBakeTask->main('BillboardsHired')
#12 C:\Program Files (x86)\Ampps\www\advertisingBillboard_v1\vendor\cakephp\cakephp\src\Console\Shell.php(525): Cake\Console\Shell->runCommand(Array, false, Array)
#13 C:\Program Files (x86)\Ampps\www\advertisingBillboard_v1\vendor\cakephp\cakephp\src\Console\CommandRunner.php(342): Cake\Console\Shell->runCommand(Array, true)
#14 C:\Program Files (x86)\Ampps\www\advertisingBillboard_v1\vendor\cakephp\cakephp\src\Console\CommandRunner.php(164): Cake\Console\CommandRunner->runShell(Object(Bake\Shell\BakeShell), Array)
#15 C:\Program Files (x86)\Ampps\www\advertisingBillboard_v1\bin\cake.php(12): Cake\Console\CommandRunner->run(Array)
#16 {main}


2018-10-12 01:07:08 Error: [PDOException] SQLSTATE[42S02]: Base table or view not found: 1146 Table 'advertisionbillboardv001.billboards_hireds' doesn't exist in C:\Program Files (x86)\Ampps\www\advertisingBillboard_v1\vendor\cakephp\cakephp\src\Database\Statement\MysqlStatement.php on line 39
Stack Trace:
#0 C:\Program Files (x86)\Ampps\www\advertisingBillboard_v1\vendor\cakephp\cakephp\src\Database\Statement\MysqlStatement.php(39): PDOStatement->execute(NULL)
#1 C:\Program Files (x86)\Ampps\www\advertisingBillboard_v1\vendor\cakephp\cakephp\src\Database\Connection.php(350): Cake\Database\Statement\MysqlStatement->execute()
#2 C:\Program Files (x86)\Ampps\www\advertisingBillboard_v1\vendor\cakephp\cakephp\src\Core\Retry\CommandRetry.php(68): Cake\Database\Connection->Cake\Database\{closure}()
#3 C:\Program Files (x86)\Ampps\www\advertisingBillboard_v1\vendor\cakephp\cakephp\src\Database\Connection.php(353): Cake\Core\Retry\CommandRetry->run(Object(Closure))
#4 C:\Program Files (x86)\Ampps\www\advertisingBillboard_v1\vendor\cakephp\cakephp\src\Database\Connection.php(302): Cake\Database\Connection->query(Object(Cake\Database\Query))
#5 C:\Program Files (x86)\Ampps\www\advertisingBillboard_v1\vendor\cakephp\cakephp\src\Core\Retry\CommandRetry.php(68): Cake\Database\Connection->Cake\Database\{closure}()
#6 C:\Program Files (x86)\Ampps\www\advertisingBillboard_v1\vendor\cakephp\cakephp\src\Database\Connection.php(306): Cake\Core\Retry\CommandRetry->run(Object(Closure))
#7 C:\Program Files (x86)\Ampps\www\advertisingBillboard_v1\vendor\cakephp\migrations\src\Shell\Task\SeedTask.php(111): Cake\Database\Connection->execute(Object(Cake\Database\Query))
#8 C:\Program Files (x86)\Ampps\www\advertisingBillboard_v1\vendor\cakephp\bake\src\Shell\Task\SimpleBakeTask.php(104): Migrations\Shell\Task\SeedTask->templateData()
#9 C:\Program Files (x86)\Ampps\www\advertisingBillboard_v1\vendor\cakephp\migrations\src\Shell\Task\SeedTask.php(130): Bake\Shell\Task\SimpleBakeTask->bake('BillboardsHired')
#10 C:\Program Files (x86)\Ampps\www\advertisingBillboard_v1\vendor\cakephp\bake\src\Shell\Task\SimpleBakeTask.php(91): Migrations\Shell\Task\SeedTask->bake('BillboardsHired')
#11 C:\Program Files (x86)\Ampps\www\advertisingBillboard_v1\vendor\cakephp\cakephp\src\Console\Shell.php(532): Bake\Shell\Task\SimpleBakeTask->main('BillboardsHired')
#12 C:\Program Files (x86)\Ampps\www\advertisingBillboard_v1\vendor\cakephp\cakephp\src\Console\Shell.php(525): Cake\Console\Shell->runCommand(Array, false, Array)
#13 C:\Program Files (x86)\Ampps\www\advertisingBillboard_v1\vendor\cakephp\cakephp\src\Console\CommandRunner.php(342): Cake\Console\Shell->runCommand(Array, true)
#14 C:\Program Files (x86)\Ampps\www\advertisingBillboard_v1\vendor\cakephp\cakephp\src\Console\CommandRunner.php(164): Cake\Console\CommandRunner->runShell(Object(Bake\Shell\BakeShell), Array)
#15 C:\Program Files (x86)\Ampps\www\advertisingBillboard_v1\bin\cake.php(12): Cake\Console\CommandRunner->run(Array)
#16 {main}


2018-10-12 01:07:32 Error: [PDOException] SQLSTATE[42S02]: Base table or view not found: 1146 Table 'advertisionbillboardv001.billboards_hireds' doesn't exist in C:\Program Files (x86)\Ampps\www\advertisingBillboard_v1\vendor\cakephp\cakephp\src\Database\Statement\MysqlStatement.php on line 39
Stack Trace:
#0 C:\Program Files (x86)\Ampps\www\advertisingBillboard_v1\vendor\cakephp\cakephp\src\Database\Statement\MysqlStatement.php(39): PDOStatement->execute(NULL)
#1 C:\Program Files (x86)\Ampps\www\advertisingBillboard_v1\vendor\cakephp\cakephp\src\Database\Connection.php(350): Cake\Database\Statement\MysqlStatement->execute()
#2 C:\Program Files (x86)\Ampps\www\advertisingBillboard_v1\vendor\cakephp\cakephp\src\Core\Retry\CommandRetry.php(68): Cake\Database\Connection->Cake\Database\{closure}()
#3 C:\Program Files (x86)\Ampps\www\advertisingBillboard_v1\vendor\cakephp\cakephp\src\Database\Connection.php(353): Cake\Core\Retry\CommandRetry->run(Object(Closure))
#4 C:\Program Files (x86)\Ampps\www\advertisingBillboard_v1\vendor\cakephp\cakephp\src\Database\Connection.php(302): Cake\Database\Connection->query(Object(Cake\Database\Query))
#5 C:\Program Files (x86)\Ampps\www\advertisingBillboard_v1\vendor\cakephp\cakephp\src\Core\Retry\CommandRetry.php(68): Cake\Database\Connection->Cake\Database\{closure}()
#6 C:\Program Files (x86)\Ampps\www\advertisingBillboard_v1\vendor\cakephp\cakephp\src\Database\Connection.php(306): Cake\Core\Retry\CommandRetry->run(Object(Closure))
#7 C:\Program Files (x86)\Ampps\www\advertisingBillboard_v1\vendor\cakephp\migrations\src\Shell\Task\SeedTask.php(111): Cake\Database\Connection->execute(Object(Cake\Database\Query))
#8 C:\Program Files (x86)\Ampps\www\advertisingBillboard_v1\vendor\cakephp\bake\src\Shell\Task\SimpleBakeTask.php(104): Migrations\Shell\Task\SeedTask->templateData()
#9 C:\Program Files (x86)\Ampps\www\advertisingBillboard_v1\vendor\cakephp\migrations\src\Shell\Task\SeedTask.php(130): Bake\Shell\Task\SimpleBakeTask->bake('BillboardsHired')
#10 C:\Program Files (x86)\Ampps\www\advertisingBillboard_v1\vendor\cakephp\bake\src\Shell\Task\SimpleBakeTask.php(91): Migrations\Shell\Task\SeedTask->bake('BillboardsHired')
#11 C:\Program Files (x86)\Ampps\www\advertisingBillboard_v1\vendor\cakephp\cakephp\src\Console\Shell.php(532): Bake\Shell\Task\SimpleBakeTask->main('BillboardsHired')
#12 C:\Program Files (x86)\Ampps\www\advertisingBillboard_v1\vendor\cakephp\cakephp\src\Console\Shell.php(525): Cake\Console\Shell->runCommand(Array, false, Array)
#13 C:\Program Files (x86)\Ampps\www\advertisingBillboard_v1\vendor\cakephp\cakephp\src\Console\CommandRunner.php(342): Cake\Console\Shell->runCommand(Array, true)
#14 C:\Program Files (x86)\Ampps\www\advertisingBillboard_v1\vendor\cakephp\cakephp\src\Console\CommandRunner.php(164): Cake\Console\CommandRunner->runShell(Object(Bake\Shell\BakeShell), Array)
#15 C:\Program Files (x86)\Ampps\www\advertisingBillboard_v1\bin\cake.php(12): Cake\Console\CommandRunner->run(Array)
#16 {main}


2018-10-12 01:08:14 Error: [PDOException] SQLSTATE[42S02]: Base table or view not found: 1146 Table 'advertisionbillboardv001.billboards_hireds' doesn't exist in C:\Program Files (x86)\Ampps\www\advertisingBillboard_v1\vendor\cakephp\cakephp\src\Database\Statement\MysqlStatement.php on line 39
Stack Trace:
#0 C:\Program Files (x86)\Ampps\www\advertisingBillboard_v1\vendor\cakephp\cakephp\src\Database\Statement\MysqlStatement.php(39): PDOStatement->execute(NULL)
#1 C:\Program Files (x86)\Ampps\www\advertisingBillboard_v1\vendor\cakephp\cakephp\src\Database\Connection.php(350): Cake\Database\Statement\MysqlStatement->execute()
#2 C:\Program Files (x86)\Ampps\www\advertisingBillboard_v1\vendor\cakephp\cakephp\src\Core\Retry\CommandRetry.php(68): Cake\Database\Connection->Cake\Database\{closure}()
#3 C:\Program Files (x86)\Ampps\www\advertisingBillboard_v1\vendor\cakephp\cakephp\src\Database\Connection.php(353): Cake\Core\Retry\CommandRetry->run(Object(Closure))
#4 C:\Program Files (x86)\Ampps\www\advertisingBillboard_v1\vendor\cakephp\cakephp\src\Database\Connection.php(302): Cake\Database\Connection->query(Object(Cake\Database\Query))
#5 C:\Program Files (x86)\Ampps\www\advertisingBillboard_v1\vendor\cakephp\cakephp\src\Core\Retry\CommandRetry.php(68): Cake\Database\Connection->Cake\Database\{closure}()
#6 C:\Program Files (x86)\Ampps\www\advertisingBillboard_v1\vendor\cakephp\cakephp\src\Database\Connection.php(306): Cake\Core\Retry\CommandRetry->run(Object(Closure))
#7 C:\Program Files (x86)\Ampps\www\advertisingBillboard_v1\vendor\cakephp\migrations\src\Shell\Task\SeedTask.php(111): Cake\Database\Connection->execute(Object(Cake\Database\Query))
#8 C:\Program Files (x86)\Ampps\www\advertisingBillboard_v1\vendor\cakephp\bake\src\Shell\Task\SimpleBakeTask.php(104): Migrations\Shell\Task\SeedTask->templateData()
#9 C:\Program Files (x86)\Ampps\www\advertisingBillboard_v1\vendor\cakephp\migrations\src\Shell\Task\SeedTask.php(130): Bake\Shell\Task\SimpleBakeTask->bake('BillboardsHired')
#10 C:\Program Files (x86)\Ampps\www\advertisingBillboard_v1\vendor\cakephp\bake\src\Shell\Task\SimpleBakeTask.php(91): Migrations\Shell\Task\SeedTask->bake('BillboardsHired')
#11 C:\Program Files (x86)\Ampps\www\advertisingBillboard_v1\vendor\cakephp\cakephp\src\Console\Shell.php(532): Bake\Shell\Task\SimpleBakeTask->main('BillboardsHired')
#12 C:\Program Files (x86)\Ampps\www\advertisingBillboard_v1\vendor\cakephp\cakephp\src\Console\Shell.php(525): Cake\Console\Shell->runCommand(Array, false, Array)
#13 C:\Program Files (x86)\Ampps\www\advertisingBillboard_v1\vendor\cakephp\cakephp\src\Console\CommandRunner.php(342): Cake\Console\Shell->runCommand(Array, true)
#14 C:\Program Files (x86)\Ampps\www\advertisingBillboard_v1\vendor\cakephp\cakephp\src\Console\CommandRunner.php(164): Cake\Console\CommandRunner->runShell(Object(Bake\Shell\BakeShell), Array)
#15 C:\Program Files (x86)\Ampps\www\advertisingBillboard_v1\bin\cake.php(12): Cake\Console\CommandRunner->run(Array)
#16 {main}


2018-10-12 01:09:34 Error: [PDOException] SQLSTATE[42S02]: Base table or view not found: 1146 Table 'advertisionbillboardv001.billboards_hireds' doesn't exist in C:\Program Files (x86)\Ampps\www\advertisingBillboard_v1\vendor\cakephp\cakephp\src\Database\Statement\MysqlStatement.php on line 39
Stack Trace:
#0 C:\Program Files (x86)\Ampps\www\advertisingBillboard_v1\vendor\cakephp\cakephp\src\Database\Statement\MysqlStatement.php(39): PDOStatement->execute(NULL)
#1 C:\Program Files (x86)\Ampps\www\advertisingBillboard_v1\vendor\cakephp\cakephp\src\Database\Connection.php(350): Cake\Database\Statement\MysqlStatement->execute()
#2 C:\Program Files (x86)\Ampps\www\advertisingBillboard_v1\vendor\cakephp\cakephp\src\Core\Retry\CommandRetry.php(68): Cake\Database\Connection->Cake\Database\{closure}()
#3 C:\Program Files (x86)\Ampps\www\advertisingBillboard_v1\vendor\cakephp\cakephp\src\Database\Connection.php(353): Cake\Core\Retry\CommandRetry->run(Object(Closure))
#4 C:\Program Files (x86)\Ampps\www\advertisingBillboard_v1\vendor\cakephp\cakephp\src\Database\Connection.php(302): Cake\Database\Connection->query(Object(Cake\Database\Query))
#5 C:\Program Files (x86)\Ampps\www\advertisingBillboard_v1\vendor\cakephp\cakephp\src\Core\Retry\CommandRetry.php(68): Cake\Database\Connection->Cake\Database\{closure}()
#6 C:\Program Files (x86)\Ampps\www\advertisingBillboard_v1\vendor\cakephp\cakephp\src\Database\Connection.php(306): Cake\Core\Retry\CommandRetry->run(Object(Closure))
#7 C:\Program Files (x86)\Ampps\www\advertisingBillboard_v1\vendor\cakephp\migrations\src\Shell\Task\SeedTask.php(111): Cake\Database\Connection->execute(Object(Cake\Database\Query))
#8 C:\Program Files (x86)\Ampps\www\advertisingBillboard_v1\vendor\cakephp\bake\src\Shell\Task\SimpleBakeTask.php(104): Migrations\Shell\Task\SeedTask->templateData()
#9 C:\Program Files (x86)\Ampps\www\advertisingBillboard_v1\vendor\cakephp\migrations\src\Shell\Task\SeedTask.php(130): Bake\Shell\Task\SimpleBakeTask->bake('BillboardsHired')
#10 C:\Program Files (x86)\Ampps\www\advertisingBillboard_v1\vendor\cakephp\bake\src\Shell\Task\SimpleBakeTask.php(91): Migrations\Shell\Task\SeedTask->bake('BillboardsHired')
#11 C:\Program Files (x86)\Ampps\www\advertisingBillboard_v1\vendor\cakephp\cakephp\src\Console\Shell.php(532): Bake\Shell\Task\SimpleBakeTask->main('BillboardsHired')
#12 C:\Program Files (x86)\Ampps\www\advertisingBillboard_v1\vendor\cakephp\cakephp\src\Console\Shell.php(525): Cake\Console\Shell->runCommand(Array, false, Array)
#13 C:\Program Files (x86)\Ampps\www\advertisingBillboard_v1\vendor\cakephp\cakephp\src\Console\CommandRunner.php(342): Cake\Console\Shell->runCommand(Array, true)
#14 C:\Program Files (x86)\Ampps\www\advertisingBillboard_v1\vendor\cakephp\cakephp\src\Console\CommandRunner.php(164): Cake\Console\CommandRunner->runShell(Object(Bake\Shell\BakeShell), Array)
#15 C:\Program Files (x86)\Ampps\www\advertisingBillboard_v1\bin\cake.php(12): Cake\Console\CommandRunner->run(Array)
#16 {main}


2018-10-12 01:09:36 Error: [PDOException] SQLSTATE[42S02]: Base table or view not found: 1146 Table 'advertisionbillboardv001.billboards_hireds' doesn't exist in C:\Program Files (x86)\Ampps\www\advertisingBillboard_v1\vendor\cakephp\cakephp\src\Database\Statement\MysqlStatement.php on line 39
Stack Trace:
#0 C:\Program Files (x86)\Ampps\www\advertisingBillboard_v1\vendor\cakephp\cakephp\src\Database\Statement\MysqlStatement.php(39): PDOStatement->execute(NULL)
#1 C:\Program Files (x86)\Ampps\www\advertisingBillboard_v1\vendor\cakephp\cakephp\src\Database\Connection.php(350): Cake\Database\Statement\MysqlStatement->execute()
#2 C:\Program Files (x86)\Ampps\www\advertisingBillboard_v1\vendor\cakephp\cakephp\src\Core\Retry\CommandRetry.php(68): Cake\Database\Connection->Cake\Database\{closure}()
#3 C:\Program Files (x86)\Ampps\www\advertisingBillboard_v1\vendor\cakephp\cakephp\src\Database\Connection.php(353): Cake\Core\Retry\CommandRetry->run(Object(Closure))
#4 C:\Program Files (x86)\Ampps\www\advertisingBillboard_v1\vendor\cakephp\cakephp\src\Database\Connection.php(302): Cake\Database\Connection->query(Object(Cake\Database\Query))
#5 C:\Program Files (x86)\Ampps\www\advertisingBillboard_v1\vendor\cakephp\cakephp\src\Core\Retry\CommandRetry.php(68): Cake\Database\Connection->Cake\Database\{closure}()
#6 C:\Program Files (x86)\Ampps\www\advertisingBillboard_v1\vendor\cakephp\cakephp\src\Database\Connection.php(306): Cake\Core\Retry\CommandRetry->run(Object(Closure))
#7 C:\Program Files (x86)\Ampps\www\advertisingBillboard_v1\vendor\cakephp\migrations\src\Shell\Task\SeedTask.php(111): Cake\Database\Connection->execute(Object(Cake\Database\Query))
#8 C:\Program Files (x86)\Ampps\www\advertisingBillboard_v1\vendor\cakephp\bake\src\Shell\Task\SimpleBakeTask.php(104): Migrations\Shell\Task\SeedTask->templateData()
#9 C:\Program Files (x86)\Ampps\www\advertisingBillboard_v1\vendor\cakephp\migrations\src\Shell\Task\SeedTask.php(130): Bake\Shell\Task\SimpleBakeTask->bake('BillboardsHired')
#10 C:\Program Files (x86)\Ampps\www\advertisingBillboard_v1\vendor\cakephp\bake\src\Shell\Task\SimpleBakeTask.php(91): Migrations\Shell\Task\SeedTask->bake('BillboardsHired')
#11 C:\Program Files (x86)\Ampps\www\advertisingBillboard_v1\vendor\cakephp\cakephp\src\Console\Shell.php(532): Bake\Shell\Task\SimpleBakeTask->main('BillboardsHired')
#12 C:\Program Files (x86)\Ampps\www\advertisingBillboard_v1\vendor\cakephp\cakephp\src\Console\Shell.php(525): Cake\Console\Shell->runCommand(Array, false, Array)
#13 C:\Program Files (x86)\Ampps\www\advertisingBillboard_v1\vendor\cakephp\cakephp\src\Console\CommandRunner.php(342): Cake\Console\Shell->runCommand(Array, true)
#14 C:\Program Files (x86)\Ampps\www\advertisingBillboard_v1\vendor\cakephp\cakephp\src\Console\CommandRunner.php(164): Cake\Console\CommandRunner->runShell(Object(Bake\Shell\BakeShell), Array)
#15 C:\Program Files (x86)\Ampps\www\advertisingBillboard_v1\bin\cake.php(12): Cake\Console\CommandRunner->run(Array)
#16 {main}


2018-10-12 01:09:38 Error: [PDOException] SQLSTATE[42S02]: Base table or view not found: 1146 Table 'advertisionbillboardv001.billboards_hireds' doesn't exist in C:\Program Files (x86)\Ampps\www\advertisingBillboard_v1\vendor\cakephp\cakephp\src\Database\Statement\MysqlStatement.php on line 39
Stack Trace:
#0 C:\Program Files (x86)\Ampps\www\advertisingBillboard_v1\vendor\cakephp\cakephp\src\Database\Statement\MysqlStatement.php(39): PDOStatement->execute(NULL)
#1 C:\Program Files (x86)\Ampps\www\advertisingBillboard_v1\vendor\cakephp\cakephp\src\Database\Connection.php(350): Cake\Database\Statement\MysqlStatement->execute()
#2 C:\Program Files (x86)\Ampps\www\advertisingBillboard_v1\vendor\cakephp\cakephp\src\Core\Retry\CommandRetry.php(68): Cake\Database\Connection->Cake\Database\{closure}()
#3 C:\Program Files (x86)\Ampps\www\advertisingBillboard_v1\vendor\cakephp\cakephp\src\Database\Connection.php(353): Cake\Core\Retry\CommandRetry->run(Object(Closure))
#4 C:\Program Files (x86)\Ampps\www\advertisingBillboard_v1\vendor\cakephp\cakephp\src\Database\Connection.php(302): Cake\Database\Connection->query(Object(Cake\Database\Query))
#5 C:\Program Files (x86)\Ampps\www\advertisingBillboard_v1\vendor\cakephp\cakephp\src\Core\Retry\CommandRetry.php(68): Cake\Database\Connection->Cake\Database\{closure}()
#6 C:\Program Files (x86)\Ampps\www\advertisingBillboard_v1\vendor\cakephp\cakephp\src\Database\Connection.php(306): Cake\Core\Retry\CommandRetry->run(Object(Closure))
#7 C:\Program Files (x86)\Ampps\www\advertisingBillboard_v1\vendor\cakephp\migrations\src\Shell\Task\SeedTask.php(111): Cake\Database\Connection->execute(Object(Cake\Database\Query))
#8 C:\Program Files (x86)\Ampps\www\advertisingBillboard_v1\vendor\cakephp\bake\src\Shell\Task\SimpleBakeTask.php(104): Migrations\Shell\Task\SeedTask->templateData()
#9 C:\Program Files (x86)\Ampps\www\advertisingBillboard_v1\vendor\cakephp\migrations\src\Shell\Task\SeedTask.php(130): Bake\Shell\Task\SimpleBakeTask->bake('BillboardsHired')
#10 C:\Program Files (x86)\Ampps\www\advertisingBillboard_v1\vendor\cakephp\bake\src\Shell\Task\SimpleBakeTask.php(91): Migrations\Shell\Task\SeedTask->bake('BillboardsHired')
#11 C:\Program Files (x86)\Ampps\www\advertisingBillboard_v1\vendor\cakephp\cakephp\src\Console\Shell.php(532): Bake\Shell\Task\SimpleBakeTask->main('BillboardsHired')
#12 C:\Program Files (x86)\Ampps\www\advertisingBillboard_v1\vendor\cakephp\cakephp\src\Console\Shell.php(525): Cake\Console\Shell->runCommand(Array, false, Array)
#13 C:\Program Files (x86)\Ampps\www\advertisingBillboard_v1\vendor\cakephp\cakephp\src\Console\CommandRunner.php(342): Cake\Console\Shell->runCommand(Array, true)
#14 C:\Program Files (x86)\Ampps\www\advertisingBillboard_v1\vendor\cakephp\cakephp\src\Console\CommandRunner.php(164): Cake\Console\CommandRunner->runShell(Object(Bake\Shell\BakeShell), Array)
#15 C:\Program Files (x86)\Ampps\www\advertisingBillboard_v1\bin\cake.php(12): Cake\Console\CommandRunner->run(Array)
#16 {main}


2018-10-12 01:35:35 Error: [PDOException] SQLSTATE[23000]: Integrity constraint violation: 1062 Duplicate entry '1' for key 'PRIMARY' in C:\Program Files (x86)\Ampps\www\advertisingBillboard_v1\vendor\robmorgan\phinx\src\Phinx\Db\Adapter\PdoAdapter.php on line 304
Stack Trace:
#0 C:\Program Files (x86)\Ampps\www\advertisingBillboard_v1\vendor\robmorgan\phinx\src\Phinx\Db\Adapter\PdoAdapter.php(304): PDOStatement->execute(Array)
#1 C:\Program Files (x86)\Ampps\www\advertisingBillboard_v1\vendor\robmorgan\phinx\src\Phinx\Db\Adapter\AdapterWrapper.php(193): Phinx\Db\Adapter\PdoAdapter->bulkinsert(Object(Phinx\Db\Table\Table), Array)
#2 C:\Program Files (x86)\Ampps\www\advertisingBillboard_v1\vendor\robmorgan\phinx\src\Phinx\Db\Adapter\TimedOutputAdapter.php(127): Phinx\Db\Adapter\AdapterWrapper->bulkinsert(Object(Phinx\Db\Table\Table), Array)
#3 C:\Program Files (x86)\Ampps\www\advertisingBillboard_v1\vendor\robmorgan\phinx\src\Phinx\Db\Adapter\AdapterWrapper.php(193): Phinx\Db\Adapter\TimedOutputAdapter->bulkinsert(Object(Phinx\Db\Table\Table), Array)
#4 C:\Program Files (x86)\Ampps\www\advertisingBillboard_v1\vendor\robmorgan\phinx\src\Phinx\Db\Table.php(597): Phinx\Db\Adapter\AdapterWrapper->bulkinsert(Object(Phinx\Db\Table\Table), Array)
#5 C:\Program Files (x86)\Ampps\www\advertisingBillboard_v1\vendor\robmorgan\phinx\src\Phinx\Db\Table.php(569): Phinx\Db\Table->saveData()
#6 C:\Program Files (x86)\Ampps\www\advertisingBillboard_v1\vendor\robmorgan\phinx\src\Phinx\Db\Table.php(627): Phinx\Db\Table->update()
#7 C:\Program Files (x86)\Ampps\www\advertisingBillboard_v1\config\Seeds\BillboardsSeed.php(31): Phinx\Db\Table->save()
#8 C:\Program Files (x86)\Ampps\www\advertisingBillboard_v1\vendor\robmorgan\phinx\src\Phinx\Migration\Manager\Environment.php(158): BillboardsSeed->run()
#9 C:\Program Files (x86)\Ampps\www\advertisingBillboard_v1\vendor\robmorgan\phinx\src\Phinx\Migration\Manager.php(416): Phinx\Migration\Manager\Environment->executeSeed(Object(BillboardsSeed))
#10 C:\Program Files (x86)\Ampps\www\advertisingBillboard_v1\vendor\robmorgan\phinx\src\Phinx\Migration\Manager.php(553): Phinx\Migration\Manager->executeSeed('default', Object(BillboardsSeed))
#11 C:\Program Files (x86)\Ampps\www\advertisingBillboard_v1\vendor\robmorgan\phinx\src\Phinx\Console\Command\SeedRun.php(111): Phinx\Migration\Manager->seed('default')
#12 C:\Program Files (x86)\Ampps\www\advertisingBillboard_v1\vendor\cakephp\migrations\src\Command\CommandTrait.php(35): Phinx\Console\Command\SeedRun->execute(Object(Symfony\Component\Console\Input\ArgvInput), Object(Symfony\Component\Console\Output\ConsoleOutput))
#13 C:\Program Files (x86)\Ampps\www\advertisingBillboard_v1\vendor\cakephp\migrations\src\Command\Seed.php(72): Migrations\Command\Seed->parentExecute(Object(Symfony\Component\Console\Input\ArgvInput), Object(Symfony\Component\Console\Output\ConsoleOutput))
#14 C:\Program Files (x86)\Ampps\www\advertisingBillboard_v1\vendor\symfony\console\Command\Command.php(251): Migrations\Command\Seed->execute(Object(Symfony\Component\Console\Input\ArgvInput), Object(Symfony\Component\Console\Output\ConsoleOutput))
#15 C:\Program Files (x86)\Ampps\www\advertisingBillboard_v1\vendor\symfony\console\Application.php(886): Symfony\Component\Console\Command\Command->run(Object(Symfony\Component\Console\Input\ArgvInput), Object(Symfony\Component\Console\Output\ConsoleOutput))
#16 C:\Program Files (x86)\Ampps\www\advertisingBillboard_v1\vendor\symfony\console\Application.php(262): Symfony\Component\Console\Application->doRunCommand(Object(Migrations\Command\Seed), Object(Symfony\Component\Console\Input\ArgvInput), Object(Symfony\Component\Console\Output\ConsoleOutput))
#17 C:\Program Files (x86)\Ampps\www\advertisingBillboard_v1\vendor\symfony\console\Application.php(145): Symfony\Component\Console\Application->doRun(Object(Symfony\Component\Console\Input\ArgvInput), Object(Symfony\Component\Console\Output\ConsoleOutput))
#18 C:\Program Files (x86)\Ampps\www\advertisingBillboard_v1\vendor\cakephp\migrations\src\Shell\MigrationsShell.php(108): Symfony\Component\Console\Application->run(Object(Symfony\Component\Console\Input\ArgvInput), Object(Symfony\Component\Console\Output\ConsoleOutput))
#19 C:\Program Files (x86)\Ampps\www\advertisingBillboard_v1\vendor\cakephp\cakephp\src\Console\Shell.php(532): Migrations\Shell\MigrationsShell->main('migrations', 'seed')
#20 C:\Program Files (x86)\Ampps\www\advertisingBillboard_v1\vendor\cakephp\migrations\src\Shell\MigrationsShell.php(164): Cake\Console\Shell->runCommand(Array, true, Array)
#21 C:\Program Files (x86)\Ampps\www\advertisingBillboard_v1\vendor\cakephp\cakephp\src\Console\CommandRunner.php(342): Migrations\Shell\MigrationsShell->runCommand(Array, true)
#22 C:\Program Files (x86)\Ampps\www\advertisingBillboard_v1\vendor\cakephp\cakephp\src\Console\CommandRunner.php(164): Cake\Console\CommandRunner->runShell(Object(Migrations\Shell\MigrationsShell), Array)
#23 C:\Program Files (x86)\Ampps\www\advertisingBillboard_v1\bin\cake.php(12): Cake\Console\CommandRunner->run(Array)
#24 {main}


2018-10-12 02:21:14 Error: [InvalidArgumentException] There was a problem connecting to the database: SQLSTATE[HY000] [1059] Identifier name 'c:\program files (x86)\ampps\www\advertisingbillboard_v1\sqlite\default.sqlite' is too long in C:\Program Files (x86)\Ampps\www\advertisingBillboard_v1\vendor\robmorgan\phinx\src\Phinx\Db\Adapter\MysqlAdapter.php on line 121
Stack Trace:
#0 C:\Program Files (x86)\Ampps\www\advertisingBillboard_v1\vendor\robmorgan\phinx\src\Phinx\Db\Adapter\PdoAdapter.php(134): Phinx\Db\Adapter\MysqlAdapter->connect()
#1 C:\Program Files (x86)\Ampps\www\advertisingBillboard_v1\vendor\robmorgan\phinx\src\Phinx\Db\Adapter\AdapterWrapper.php(461): Phinx\Db\Adapter\PdoAdapter->getConnection()
#2 C:\Program Files (x86)\Ampps\www\advertisingBillboard_v1\vendor\cakephp\migrations\src\CakeAdapter.php(56): Phinx\Db\Adapter\AdapterWrapper->getConnection()
#3 C:\Program Files (x86)\Ampps\www\advertisingBillboard_v1\vendor\cakephp\migrations\src\Command\CommandTrait.php(78): Migrations\CakeAdapter->__construct(Object(Phinx\Db\Adapter\TimedOutputAdapter), Object(Cake\Database\Connection))
#4 C:\Program Files (x86)\Ampps\www\advertisingBillboard_v1\vendor\cakephp\migrations\src\Command\Seed.php(70): Migrations\Command\Seed->bootstrap(Object(Symfony\Component\Console\Input\ArgvInput), Object(Symfony\Component\Console\Output\ConsoleOutput))
#5 C:\Program Files (x86)\Ampps\www\advertisingBillboard_v1\vendor\symfony\console\Command\Command.php(251): Migrations\Command\Seed->execute(Object(Symfony\Component\Console\Input\ArgvInput), Object(Symfony\Component\Console\Output\ConsoleOutput))
#6 C:\Program Files (x86)\Ampps\www\advertisingBillboard_v1\vendor\symfony\console\Application.php(886): Symfony\Component\Console\Command\Command->run(Object(Symfony\Component\Console\Input\ArgvInput), Object(Symfony\Component\Console\Output\ConsoleOutput))
#7 C:\Program Files (x86)\Ampps\www\advertisingBillboard_v1\vendor\symfony\console\Application.php(262): Symfony\Component\Console\Application->doRunCommand(Object(Migrations\Command\Seed), Object(Symfony\Component\Console\Input\ArgvInput), Object(Symfony\Component\Console\Output\ConsoleOutput))
#8 C:\Program Files (x86)\Ampps\www\advertisingBillboard_v1\vendor\symfony\console\Application.php(145): Symfony\Component\Console\Application->doRun(Object(Symfony\Component\Console\Input\ArgvInput), Object(Symfony\Component\Console\Output\ConsoleOutput))
#9 C:\Program Files (x86)\Ampps\www\advertisingBillboard_v1\vendor\cakephp\migrations\src\Shell\MigrationsShell.php(108): Symfony\Component\Console\Application->run(Object(Symfony\Component\Console\Input\ArgvInput), Object(Symfony\Component\Console\Output\ConsoleOutput))
#10 C:\Program Files (x86)\Ampps\www\advertisingBillboard_v1\vendor\cakephp\cakephp\src\Console\Shell.php(532): Migrations\Shell\MigrationsShell->main('migrations', 'seed')
#11 C:\Program Files (x86)\Ampps\www\advertisingBillboard_v1\vendor\cakephp\migrations\src\Shell\MigrationsShell.php(164): Cake\Console\Shell->runCommand(Array, true, Array)
#12 C:\Program Files (x86)\Ampps\www\advertisingBillboard_v1\vendor\cakephp\cakephp\src\Console\CommandRunner.php(342): Migrations\Shell\MigrationsShell->runCommand(Array, true)
#13 C:\Program Files (x86)\Ampps\www\advertisingBillboard_v1\vendor\cakephp\cakephp\src\Console\CommandRunner.php(164): Cake\Console\CommandRunner->runShell(Object(Migrations\Shell\MigrationsShell), Array)
#14 C:\Program Files (x86)\Ampps\www\advertisingBillboard_v1\bin\cake.php(12): Cake\Console\CommandRunner->run(Array)
#15 {main}


